[0m21:36:55.918806 [debug] [MainThread]: Sending event: {'category': 'dbt', 'action': 'invocation', 'label': 'start', 'context': [<snowplow_tracker.self_describing_json.SelfDescribingJson object at 0x7f86a0734970>, <snowplow_tracker.self_describing_json.SelfDescribingJson object at 0x7f86801e8ac0>, <snowplow_tracker.self_describing_json.SelfDescribingJson object at 0x7f86701a5a90>]}


============================== 21:36:55.923038 | 387e696d-17cc-4d3d-9eae-a3d782edfc55 ==============================
[0m21:36:55.923038 [info ] [MainThread]: Running with dbt=1.8.7
[0m21:36:55.923572 [debug] [MainThread]: running dbt with arguments {'printer_width': '80', 'indirect_selection': 'eager', 'write_json': 'True', 'log_cache_events': 'False', 'partial_parse': 'True', 'cache_selected_only': 'False', 'profiles_dir': '/Users/johnle/.dbt', 'version_check': 'True', 'debug': 'False', 'log_path': 'logs', 'warn_error': 'None', 'fail_fast': 'False', 'use_colors': 'True', 'use_experimental_parser': 'False', 'no_print': 'None', 'quiet': 'False', 'empty': 'None', 'warn_error_options': 'WarnErrorOptions(include=[], exclude=[])', 'introspect': 'True', 'static_parser': 'True', 'log_format': 'default', 'target_path': 'None', 'invocation_command': 'dbt init my_dbt_project', 'send_anonymous_usage_stats': 'True'}
[0m21:36:55.932211 [warn ] [MainThread]: [ConfigFolderDirectory]: Unable to parse logging event dictionary. Failed to parse dir field: expected string or bytes-like object.. Dictionary: {'dir': PosixPath('/Users/johnle/.dbt')}
[0m21:36:55.932609 [info ] [MainThread]: Creating dbt configuration folder at 
[0m21:36:55.934113 [debug] [MainThread]: Starter project path: /Users/johnle/opt/anaconda3/lib/python3.8/site-packages/dbt/include/starter_project
[0m21:36:55.937688 [info ] [MainThread]: 
Your new dbt project "my_dbt_project" was created!

For more information on how to configure the profiles.yml file,
please consult the dbt documentation here:

  https://docs.getdbt.com/docs/configure-your-profile

One more thing:

Need help? Don't hesitate to reach out to us via GitHub issues or on Slack:

  https://community.getdbt.com/

Happy modeling!

[0m21:36:55.938137 [info ] [MainThread]: Setting up your profile.
[0m21:39:38.230750 [debug] [MainThread]: Sending event: {'category': 'dbt', 'action': 'invocation', 'label': 'start', 'context': [<snowplow_tracker.self_describing_json.SelfDescribingJson object at 0x7f8088af0ca0>, <snowplow_tracker.self_describing_json.SelfDescribingJson object at 0x7f808a2f4100>, <snowplow_tracker.self_describing_json.SelfDescribingJson object at 0x7f808a3fdbe0>]}


============================== 21:39:38.235538 | dd283356-e3e2-4ba2-b89c-9aa4c30472ee ==============================
[0m21:39:38.235538 [info ] [MainThread]: Running with dbt=1.8.7
[0m21:39:38.236072 [debug] [MainThread]: running dbt with arguments {'printer_width': '80', 'indirect_selection': 'eager', 'write_json': 'True', 'log_cache_events': 'False', 'partial_parse': 'True', 'cache_selected_only': 'False', 'profiles_dir': '/Users/johnle/.dbt', 'fail_fast': 'False', 'version_check': 'True', 'log_path': 'logs', 'warn_error': 'None', 'debug': 'False', 'use_colors': 'True', 'use_experimental_parser': 'False', 'empty': 'None', 'quiet': 'False', 'no_print': 'None', 'warn_error_options': 'WarnErrorOptions(include=[], exclude=[])', 'invocation_command': 'dbt debug', 'static_parser': 'True', 'introspect': 'True', 'target_path': 'None', 'log_format': 'default', 'send_anonymous_usage_stats': 'True'}
[0m21:39:38.246183 [info ] [MainThread]: dbt version: 1.8.7
[0m21:39:38.246579 [info ] [MainThread]: python version: 3.8.8
[0m21:39:38.246873 [info ] [MainThread]: python path: /Users/johnle/opt/anaconda3/bin/python
[0m21:39:38.247153 [info ] [MainThread]: os info: macOS-10.16-x86_64-i386-64bit
[0m21:39:38.247442 [info ] [MainThread]: Using profiles dir at /Users/johnle/.dbt
[0m21:39:38.247712 [info ] [MainThread]: Using profiles.yml file at /Users/johnle/.dbt/profiles.yml
[0m21:39:38.247985 [info ] [MainThread]: Using dbt_project.yml file at /Users/johnle/SP25_DS5111_jkl4cxj/dbt_project.yml
[0m21:39:38.248284 [info ] [MainThread]: Configuration:
[0m21:39:38.248627 [info ] [MainThread]:   profiles.yml file [[31mERROR not found[0m]
[0m21:39:38.248933 [info ] [MainThread]:   dbt_project.yml file [[31mERROR not found[0m]
[0m21:39:38.249218 [info ] [MainThread]: Required dependencies:
[0m21:39:38.249545 [debug] [MainThread]: Executing "git --help"
[0m21:39:38.273267 [debug] [MainThread]: STDOUT: "b"usage: git [-v | --version] [-h | --help] [-C <path>] [-c <name>=<value>]\n           [--exec-path[=<path>]] [--html-path] [--man-path] [--info-path]\n           [-p | --paginate | -P | --no-pager] [--no-replace-objects] [--bare]\n           [--git-dir=<path>] [--work-tree=<path>] [--namespace=<name>]\n           [--config-env=<name>=<envvar>] <command> [<args>]\n\nThese are common Git commands used in various situations:\n\nstart a working area (see also: git help tutorial)\n   clone     Clone a repository into a new directory\n   init      Create an empty Git repository or reinitialize an existing one\n\nwork on the current change (see also: git help everyday)\n   add       Add file contents to the index\n   mv        Move or rename a file, a directory, or a symlink\n   restore   Restore working tree files\n   rm        Remove files from the working tree and from the index\n\nexamine the history and state (see also: git help revisions)\n   bisect    Use binary search to find the commit that introduced a bug\n   diff      Show changes between commits, commit and working tree, etc\n   grep      Print lines matching a pattern\n   log       Show commit logs\n   show      Show various types of objects\n   status    Show the working tree status\n\ngrow, mark and tweak your common history\n   branch    List, create, or delete branches\n   commit    Record changes to the repository\n   merge     Join two or more development histories together\n   rebase    Reapply commits on top of another base tip\n   reset     Reset current HEAD to the specified state\n   switch    Switch branches\n   tag       Create, list, delete or verify a tag object signed with GPG\n\ncollaborate (see also: git help workflows)\n   fetch     Download objects and refs from another repository\n   pull      Fetch from and integrate with another repository or a local branch\n   push      Update remote refs along with associated objects\n\n'git help -a' and 'git help -g' list available subcommands and some\nconcept guides. See 'git help <command>' or 'git help <concept>'\nto read about a specific subcommand or concept.\nSee 'git help git' for an overview of the system.\n""
[0m21:39:38.274103 [debug] [MainThread]: STDERR: "b''"
[0m21:39:38.274436 [info ] [MainThread]:  - git [[32mOK found[0m]

[0m21:39:38.274749 [info ] [MainThread]: Connection test skipped since no profile was found
[0m21:39:38.275147 [info ] [MainThread]: [31m2 checks failed:[0m
[0m21:39:38.275445 [info ] [MainThread]: dbt looked for a profiles.yml file in /Users/johnle/.dbt/profiles.yml, but did
not find one. For more information on configuring your profile, consult the
documentation:

https://docs.getdbt.com/docs/configure-your-profile


[0m21:39:38.275730 [info ] [MainThread]: Project loading failed for the following reason:
 project path </Users/johnle/SP25_DS5111_jkl4cxj/dbt_project.yml> not found

[0m21:39:38.285293 [debug] [MainThread]: Resource report: {"command_name": "debug", "command_wall_clock_time": 0.12084671, "process_user_time": 0.758948, "process_kernel_time": 0.129344, "process_mem_max_rss": "92983296", "command_success": false, "process_in_blocks": "0", "process_out_blocks": "0"}
[0m21:39:38.286196 [debug] [MainThread]: Command `dbt debug` failed at 21:39:38.285956 after 0.12 seconds
[0m21:39:38.286729 [debug] [MainThread]: Sending event: {'category': 'dbt', 'action': 'invocation', 'label': 'end', 'context': [<snowplow_tracker.self_describing_json.SelfDescribingJson object at 0x7f8088af0ca0>, <snowplow_tracker.self_describing_json.SelfDescribingJson object at 0x7f808a3fdbe0>, <snowplow_tracker.self_describing_json.SelfDescribingJson object at 0x7f808a2f4100>]}
[0m21:39:38.287161 [debug] [MainThread]: Flushing usage events
